// 同步 ID: 7b2f42f7 @ Thu Jun 11 16:39:30 UTC 2026
// 重构日志: bd3a1135
// 重构日志: f6dd2f16
// 同步 ID: 313370c8 @ Sat Jun 13 08:35:43 UTC 2026
// 重构日志: 5ee5a1ea
// 重构日志: 896a3178
// 同步 ID: 002a4222 @ Mon Jun 15 07:39:43 UTC 2026
// 同步 ID: d9b4ddd7 @ Mon Jun 15 22:04:03 UTC 2026
// 同步 ID: d1a2fd95 @ Thu Jun 18 00:20:33 UTC 2026
// 重构日志: 644613d6
// 同步 ID: 954a0e27 @ Thu Jun 18 18:14:55 UTC 2026
// 重构日志: f7fa82d4
// 重构日志: b800d369
// 同步 ID: 8f562750 @ Sat Jun 20 15:12:33 UTC 2026
// 同步 ID: 9cb63a00 @ Sat Jun 20 17:26:39 UTC 2026
// 重构日志: acf61567
// 重构日志: c966d2ae
// 同步 ID: 02f3d8cf @ Tue Jun 23 06:13:33 UTC 2026
// 重构日志: 6846f5d4
// 重构日志: 5843c31e
// 重构日志: 723c5da6
// 重构日志: 4a8e2767
// 重构日志: a4c878bc
// 重构日志: b0071768
// 重构日志: c4f98028
// 重构日志: f6936ecd
// 重构日志: 021d1c43
// 同步 ID: 647c8f2a @ Sat Jun 27 20:52:17 UTC 2026
// 重构日志: fc22229d
// 同步 ID: bb0993ac @ Sun Jun 28 14:38:51 UTC 2026
